Analysis & Synthesis report for DE0_NANO
Thu Nov 09 20:33:31 2017
Quartus II 64-Bit Version 15.0.0 Build 145 04/22/2015 Patches 0.01we SJ Web Edition


---------------------
; Table of Contents ;
---------------------
  1. Legal Notice
  2. Analysis & Synthesis Summary
  3. Analysis & Synthesis Settings
  4. Parallel Compilation
  5. Analysis & Synthesis Source Files Read
  6. Analysis & Synthesis Resource Usage Summary
  7. Analysis & Synthesis Resource Utilization by Entity
  8. Registers Removed During Synthesis
  9. General Register Statistics
 10. Multiplexer Restructuring Statistics (Restructuring Performed)
 11. Post-Synthesis Netlist Statistics for Top Partition
 12. Elapsed Time Per Partition
 13. Analysis & Synthesis Messages



----------------
; Legal Notice ;
----------------
Copyright (C) 1991-2015 Altera Corporation. All rights reserved.
Your use of Altera Corporation's design tools, logic functions 
and other software and tools, and its AMPP partner logic 
functions, and any output files from any of the foregoing 
(including device programming or simulation files), and any 
associated documentation or information are expressly subject 
to the terms and conditions of the Altera Program License 
Subscription Agreement, the Altera Quartus II License Agreement,
the Altera MegaCore Function License Agreement, or other 
applicable license agreement, including, without limitation, 
that your use is for the sole purpose of programming logic 
devices manufactured by Altera and sold by Altera or its 
authorized distributors.  Please refer to the applicable 
agreement for further details.



+------------------------------------------------------------------------------------------------+
; Analysis & Synthesis Summary                                                                   ;
+------------------------------------+-----------------------------------------------------------+
; Analysis & Synthesis Status        ; Successful - Thu Nov 09 20:33:31 2017                     ;
; Quartus II 64-Bit Version          ; 15.0.0 Build 145 04/22/2015 Patches 0.01we SJ Web Edition ;
; Revision Name                      ; DE0_NANO                                                  ;
; Top-level Entity Name              ; DE0_NANO                                                  ;
; Family                             ; Cyclone IV E                                              ;
; Total logic elements               ; 666                                                       ;
;     Total combinational functions  ; 536                                                       ;
;     Dedicated logic registers      ; 182                                                       ;
; Total registers                    ; 182                                                       ;
; Total pins                         ; 87                                                        ;
; Total virtual pins                 ; 0                                                         ;
; Total memory bits                  ; 0                                                         ;
; Embedded Multiplier 9-bit elements ; 0                                                         ;
; Total PLLs                         ; 0                                                         ;
+------------------------------------+-----------------------------------------------------------+


+----------------------------------------------------------------------------------------------------------------------+
; Analysis & Synthesis Settings                                                                                        ;
+----------------------------------------------------------------------------+--------------------+--------------------+
; Option                                                                     ; Setting            ; Default Value      ;
+----------------------------------------------------------------------------+--------------------+--------------------+
; Device                                                                     ; EP4CE22F17C6       ;                    ;
; Top-level entity name                                                      ; DE0_NANO           ; DE0_NANO           ;
; Family name                                                                ; Cyclone IV E       ; Cyclone IV GX      ;
; Use smart compilation                                                      ; Off                ; Off                ;
; Enable parallel Assembler and TimeQuest Timing Analyzer during compilation ; On                 ; On                 ;
; Enable compact report table                                                ; Off                ; Off                ;
; Restructure Multiplexers                                                   ; Auto               ; Auto               ;
; Create Debugging Nodes for IP Cores                                        ; Off                ; Off                ;
; Preserve fewer node names                                                  ; On                 ; On                 ;
; Disable OpenCore Plus hardware evaluation                                  ; Off                ; Off                ;
; Verilog Version                                                            ; Verilog_2001       ; Verilog_2001       ;
; VHDL Version                                                               ; VHDL_1993          ; VHDL_1993          ;
; State Machine Processing                                                   ; Auto               ; Auto               ;
; Safe State Machine                                                         ; Off                ; Off                ;
; Extract Verilog State Machines                                             ; On                 ; On                 ;
; Extract VHDL State Machines                                                ; On                 ; On                 ;
; Ignore Verilog initial constructs                                          ; Off                ; Off                ;
; Iteration limit for constant Verilog loops                                 ; 5000               ; 5000               ;
; Iteration limit for non-constant Verilog loops                             ; 250                ; 250                ;
; Add Pass-Through Logic to Inferred RAMs                                    ; On                 ; On                 ;
; Infer RAMs from Raw Logic                                                  ; On                 ; On                 ;
; Parallel Synthesis                                                         ; On                 ; On                 ;
; DSP Block Balancing                                                        ; Auto               ; Auto               ;
; NOT Gate Push-Back                                                         ; On                 ; On                 ;
; Power-Up Don't Care                                                        ; On                 ; On                 ;
; Remove Redundant Logic Cells                                               ; Off                ; Off                ;
; Remove Duplicate Registers                                                 ; On                 ; On                 ;
; Ignore CARRY Buffers                                                       ; Off                ; Off                ;
; Ignore CASCADE Buffers                                                     ; Off                ; Off                ;
; Ignore GLOBAL Buffers                                                      ; Off                ; Off                ;
; Ignore ROW GLOBAL Buffers                                                  ; Off                ; Off                ;
; Ignore LCELL Buffers                                                       ; Off                ; Off                ;
; Ignore SOFT Buffers                                                        ; On                 ; On                 ;
; Limit AHDL Integers to 32 Bits                                             ; Off                ; Off                ;
; Optimization Technique                                                     ; Balanced           ; Balanced           ;
; Carry Chain Length                                                         ; 70                 ; 70                 ;
; Auto Carry Chains                                                          ; On                 ; On                 ;
; Auto Open-Drain Pins                                                       ; On                 ; On                 ;
; Perform WYSIWYG Primitive Resynthesis                                      ; Off                ; Off                ;
; Auto ROM Replacement                                                       ; On                 ; On                 ;
; Auto RAM Replacement                                                       ; On                 ; On                 ;
; Auto DSP Block Replacement                                                 ; On                 ; On                 ;
; Auto Shift Register Replacement                                            ; Auto               ; Auto               ;
; Allow Shift Register Merging across Hierarchies                            ; Auto               ; Auto               ;
; Auto Clock Enable Replacement                                              ; On                 ; On                 ;
; Strict RAM Replacement                                                     ; Off                ; Off                ;
; Allow Synchronous Control Signals                                          ; On                 ; On                 ;
; Force Use of Synchronous Clear Signals                                     ; Off                ; Off                ;
; Auto RAM Block Balancing                                                   ; On                 ; On                 ;
; Auto RAM to Logic Cell Conversion                                          ; Off                ; Off                ;
; Auto Resource Sharing                                                      ; Off                ; Off                ;
; Allow Any RAM Size For Recognition                                         ; Off                ; Off                ;
; Allow Any ROM Size For Recognition                                         ; Off                ; Off                ;
; Allow Any Shift Register Size For Recognition                              ; Off                ; Off                ;
; Use LogicLock Constraints during Resource Balancing                        ; On                 ; On                 ;
; Ignore translate_off and synthesis_off directives                          ; Off                ; Off                ;
; Timing-Driven Synthesis                                                    ; On                 ; On                 ;
; Report Parameter Settings                                                  ; On                 ; On                 ;
; Report Source Assignments                                                  ; On                 ; On                 ;
; Report Connectivity Checks                                                 ; On                 ; On                 ;
; Ignore Maximum Fan-Out Assignments                                         ; Off                ; Off                ;
; Synchronization Register Chain Length                                      ; 2                  ; 2                  ;
; PowerPlay Power Optimization During Synthesis                              ; Normal compilation ; Normal compilation ;
; HDL message level                                                          ; Level2             ; Level2             ;
; Suppress Register Optimization Related Messages                            ; Off                ; Off                ;
; Number of Removed Registers Reported in Synthesis Report                   ; 5000               ; 5000               ;
; Number of Swept Nodes Reported in Synthesis Report                         ; 5000               ; 5000               ;
; Number of Inverted Registers Reported in Synthesis Report                  ; 100                ; 100                ;
; Clock MUX Protection                                                       ; On                 ; On                 ;
; Auto Gated Clock Conversion                                                ; Off                ; Off                ;
; Block Design Naming                                                        ; Auto               ; Auto               ;
; SDC constraint protection                                                  ; Off                ; Off                ;
; Synthesis Effort                                                           ; Auto               ; Auto               ;
; Shift Register Replacement - Allow Asynchronous Clear Signal               ; On                 ; On                 ;
; Pre-Mapping Resynthesis Optimization                                       ; Off                ; Off                ;
; Analysis & Synthesis Message Level                                         ; Medium             ; Medium             ;
; Disable Register Merging Across Hierarchies                                ; Auto               ; Auto               ;
; Resource Aware Inference For Block RAM                                     ; On                 ; On                 ;
; Synthesis Seed                                                             ; 1                  ; 1                  ;
+----------------------------------------------------------------------------+--------------------+--------------------+


Parallel compilation was disabled, but you have multiple processors available. Enable parallel compilation to reduce compilation time.
+-------------------------------------+
; Parallel Compilation                ;
+----------------------------+--------+
; Processors                 ; Number ;
+----------------------------+--------+
; Number detected on machine ; 8      ;
; Maximum allowed            ; 1      ;
+----------------------------+--------+


+------------------------------------------------------------------------------------------------------------------------------------------------------------------------------------+
; Analysis & Synthesis Source Files Read                                                                                                                                             ;
+----------------------------------+-----------------+------------------------+--------------------------------------------------------------------------------------------+---------+
; File Name with User-Entered Path ; Used in Netlist ; File Type              ; File Name with Absolute Path                                                               ; Library ;
+----------------------------------+-----------------+------------------------+--------------------------------------------------------------------------------------------+---------+
; VGA_DRIVER.v                     ; yes             ; User Verilog HDL File  ; D:/Documents/Classes/Semester_5/ECE_3400/Firework-Code/FPGACode/Lab3_template/VGA_DRIVER.v ;         ;
; DE0_NANO.v                       ; yes             ; User Verilog HDL File  ; D:/Documents/Classes/Semester_5/ECE_3400/Firework-Code/FPGACode/Lab3_template/DE0_NANO.v   ;         ;
+----------------------------------+-----------------+------------------------+--------------------------------------------------------------------------------------------+---------+


+--------------------------------------------------------------+
; Analysis & Synthesis Resource Usage Summary                  ;
+---------------------------------------------+----------------+
; Resource                                    ; Usage          ;
+---------------------------------------------+----------------+
; Estimated Total logic elements              ; 666            ;
;                                             ;                ;
; Total combinational functions               ; 536            ;
; Logic element usage by number of LUT inputs ;                ;
;     -- 4 input functions                    ; 335            ;
;     -- 3 input functions                    ; 125            ;
;     -- <=2 input functions                  ; 76             ;
;                                             ;                ;
; Logic elements by mode                      ;                ;
;     -- normal mode                          ; 518            ;
;     -- arithmetic mode                      ; 18             ;
;                                             ;                ;
; Total registers                             ; 182            ;
;     -- Dedicated logic registers            ; 182            ;
;     -- I/O registers                        ; 0              ;
;                                             ;                ;
; I/O pins                                    ; 87             ;
;                                             ;                ;
; Embedded Multiplier 9-bit elements          ; 0              ;
;                                             ;                ;
; Maximum fan-out node                        ; CLOCK_50~input ;
; Maximum fan-out                             ; 162            ;
; Total fan-out                               ; 2559           ;
; Average fan-out                             ; 2.67           ;
+---------------------------------------------+----------------+


+-------------------------------------------------------------------------------------------------------------------------------------------------------------------------------------+
; Analysis & Synthesis Resource Utilization by Entity                                                                                                                                 ;
+----------------------------+-------------------+--------------+-------------+--------------+---------+-----------+------+--------------+-----------------------------+--------------+
; Compilation Hierarchy Node ; LC Combinationals ; LC Registers ; Memory Bits ; DSP Elements ; DSP 9x9 ; DSP 18x18 ; Pins ; Virtual Pins ; Full Hierarchy Name         ; Library Name ;
+----------------------------+-------------------+--------------+-------------+--------------+---------+-----------+------+--------------+-----------------------------+--------------+
; |DE0_NANO                  ; 536 (226)         ; 182 (162)    ; 0           ; 0            ; 0       ; 0         ; 87   ; 0            ; |DE0_NANO                   ; work         ;
;    |VGA_DRIVER:driver|     ; 310 (310)         ; 20 (20)      ; 0           ; 0            ; 0       ; 0         ; 0    ; 0            ; |DE0_NANO|VGA_DRIVER:driver ; work         ;
+----------------------------+-------------------+--------------+-------------+--------------+---------+-----------+------+--------------+-----------------------------+--------------+
Note: For table entries with two numbers listed, the numbers in parentheses indicate the number of resources of the given type used by the specific entity alone. The numbers listed outside of parentheses indicate the total resources of the given type used by the specific entity and all of its sub-entities in the hierarchy.


+--------------------------------------------------------------------------------+
; Registers Removed During Synthesis                                             ;
+---------------------------------------+----------------------------------------+
; Register name                         ; Reason for Removal                     ;
+---------------------------------------+----------------------------------------+
; currentLocation[5]                    ; Stuck at GND due to stuck port data_in ;
; Total Number of Removed Registers = 1 ;                                        ;
+---------------------------------------+----------------------------------------+


+------------------------------------------------------+
; General Register Statistics                          ;
+----------------------------------------------+-------+
; Statistic                                    ; Value ;
+----------------------------------------------+-------+
; Total registers                              ; 182   ;
; Number of registers using Synchronous Clear  ; 20    ;
; Number of registers using Synchronous Load   ; 0     ;
; Number of registers using Asynchronous Clear ; 0     ;
; Number of registers using Asynchronous Load  ; 0     ;
; Number of registers using Clock Enable       ; 141   ;
; Number of registers using Preset             ; 0     ;
+----------------------------------------------+-------+


+--------------------------------------------------------------------------------------------------------------------------------------------------------------+
; Multiplexer Restructuring Statistics (Restructuring Performed)                                                                                               ;
+--------------------+-----------+---------------+----------------------+------------------------+------------+------------------------------------------------+
; Multiplexer Inputs ; Bus Width ; Baseline Area ; Area if Restructured ; Saving if Restructured ; Registered ; Example Multiplexer Output                     ;
+--------------------+-----------+---------------+----------------------+------------------------+------------+------------------------------------------------+
; 3:1                ; 10 bits   ; 20 LEs        ; 10 LEs               ; 10 LEs                 ; Yes        ; |DE0_NANO|VGA_DRIVER:driver|pixel_count[3]     ;
; 3:1                ; 3 bits    ; 6 LEs         ; 3 LEs                ; 3 LEs                  ; Yes        ; |DE0_NANO|currDataBits[2]                      ;
; 4:1                ; 10 bits   ; 20 LEs        ; 10 LEs               ; 10 LEs                 ; Yes        ; |DE0_NANO|VGA_DRIVER:driver|line_count[9]      ;
; 142:1              ; 2 bits    ; 188 LEs       ; 108 LEs              ; 80 LEs                 ; No         ; |DE0_NANO|VGA_DRIVER:driver|PIXEL_COLOR_OUT[4] ;
; 162:1              ; 3 bits    ; 324 LEs       ; 324 LEs              ; 0 LEs                  ; No         ; |DE0_NANO|VGA_DRIVER:driver|PIXEL_COLOR_OUT[1] ;
+--------------------+-----------+---------------+----------------------+------------------------+------------+------------------------------------------------+


+-----------------------------------------------------+
; Post-Synthesis Netlist Statistics for Top Partition ;
+-----------------------+-----------------------------+
; Type                  ; Count                       ;
+-----------------------+-----------------------------+
; boundary_port         ; 87                          ;
; cycloneiii_ff         ; 182                         ;
;     ENA               ; 131                         ;
;     ENA SCLR          ; 10                          ;
;     SCLR              ; 10                          ;
;     plain             ; 31                          ;
; cycloneiii_io_obuf    ; 68                          ;
; cycloneiii_lcell_comb ; 537                         ;
;     arith             ; 18                          ;
;         2 data inputs ; 18                          ;
;     normal            ; 519                         ;
;         0 data inputs ; 1                           ;
;         1 data inputs ; 3                           ;
;         2 data inputs ; 55                          ;
;         3 data inputs ; 125                         ;
;         4 data inputs ; 335                         ;
;                       ;                             ;
; Max LUT depth         ; 17.00                       ;
; Average LUT depth     ; 9.61                        ;
+-----------------------+-----------------------------+


+-------------------------------+
; Elapsed Time Per Partition    ;
+----------------+--------------+
; Partition Name ; Elapsed Time ;
+----------------+--------------+
; Top            ; 00:00:02     ;
+----------------+--------------+


+-------------------------------+
; Analysis & Synthesis Messages ;
+-------------------------------+
Info: *******************************************************************
Info: Running Quartus II 64-Bit Analysis & Synthesis
    Info: Version 15.0.0 Build 145 04/22/2015 Patches 0.01we SJ Web Edition
    Info: Processing started: Thu Nov 09 20:33:19 2017
Info: Command: quartus_map --read_settings_files=on --write_settings_files=off DE0_NANO -c DE0_NANO
Warning (125092): Tcl Script File DE_NANO_SOPC.qip not found
    Info (125063): set_global_assignment -name QIP_FILE DE_NANO_SOPC.qip
Warning (20028): Parallel compilation is not licensed and has been disabled
Info (12021): Found 1 design units, including 1 entities, in source file vga_driver.v
    Info (12023): Found entity 1: VGA_DRIVER
Warning (10463): Verilog HDL Declaration warning at DE0_NANO.v(38): "do" is SystemVerilog-2005 keyword
Warning (10238): Verilog Module Declaration warning at DE0_NANO.v(17): ignored anonymous port(s) indicated by duplicate or dangling comma(s) in the port list for module "DE0_NANO"
Info (12021): Found 1 design units, including 1 entities, in source file de0_nano.v
    Info (12023): Found entity 1: DE0_NANO
Info (12127): Elaborating entity "DE0_NANO" for the top level hierarchy
Warning (10036): Verilog HDL or VHDL warning at DE0_NANO.v(115): object "currentOrientation" assigned a value but never read
Warning (10034): Output port "LED[7..6]" at DE0_NANO.v(47) has no driver
Info (12128): Elaborating entity "VGA_DRIVER" for hierarchy "VGA_DRIVER:driver"
Warning (10230): Verilog HDL assignment warning at VGA_DRIVER.v(71): truncated value with size 32 to match size of target (10)
Warning (10230): Verilog HDL assignment warning at VGA_DRIVER.v(75): truncated value with size 32 to match size of target (10)
Warning (13034): The following nodes have both tri-state and non-tri-state drivers
    Warning (13035): Inserted always-enabled tri-state buffer between "GPIO_0_D[5]" and its non-tri-state driver.
    Warning (13035): Inserted always-enabled tri-state buffer between "GPIO_0_D[7]" and its non-tri-state driver.
    Warning (13035): Inserted always-enabled tri-state buffer between "GPIO_0_D[9]" and its non-tri-state driver.
    Warning (13035): Inserted always-enabled tri-state buffer between "GPIO_0_D[11]" and its non-tri-state driver.
    Warning (13035): Inserted always-enabled tri-state buffer between "GPIO_0_D[13]" and its non-tri-state driver.
    Warning (13035): Inserted always-enabled tri-state buffer between "GPIO_0_D[15]" and its non-tri-state driver.
    Warning (13035): Inserted always-enabled tri-state buffer between "GPIO_0_D[17]" and its non-tri-state driver.
    Warning (13035): Inserted always-enabled tri-state buffer between "GPIO_0_D[19]" and its non-tri-state driver.
    Warning (13035): Inserted always-enabled tri-state buffer between "GPIO_0_D[21]" and its non-tri-state driver.
    Warning (13035): Inserted always-enabled tri-state buffer between "GPIO_0_D[23]" and its non-tri-state driver.
Warning (13039): The following bidirectional pins have no drivers
    Warning (13040): bidirectional pin "GPIO_0_D[29]" has no driver
    Warning (13040): bidirectional pin "GPIO_0_D[31]" has no driver
    Warning (13040): bidirectional pin "GPIO_0_D[33]" has no driver
    Warning (13040): bidirectional pin "GPIO_0_D[0]" has no driver
    Warning (13040): bidirectional pin "GPIO_0_D[1]" has no driver
    Warning (13040): bidirectional pin "GPIO_0_D[2]" has no driver
    Warning (13040): bidirectional pin "GPIO_0_D[3]" has no driver
    Warning (13040): bidirectional pin "GPIO_0_D[4]" has no driver
    Warning (13040): bidirectional pin "GPIO_0_D[6]" has no driver
    Warning (13040): bidirectional pin "GPIO_0_D[8]" has no driver
    Warning (13040): bidirectional pin "GPIO_0_D[10]" has no driver
    Warning (13040): bidirectional pin "GPIO_0_D[12]" has no driver
    Warning (13040): bidirectional pin "GPIO_0_D[14]" has no driver
    Warning (13040): bidirectional pin "GPIO_0_D[16]" has no driver
    Warning (13040): bidirectional pin "GPIO_0_D[18]" has no driver
    Warning (13040): bidirectional pin "GPIO_0_D[20]" has no driver
    Warning (13040): bidirectional pin "GPIO_0_D[22]" has no driver
    Warning (13040): bidirectional pin "GPIO_0_D[24]" has no driver
    Warning (13040): bidirectional pin "GPIO_0_D[25]" has no driver
    Warning (13040): bidirectional pin "GPIO_0_D[26]" has no driver
    Warning (13040): bidirectional pin "GPIO_0_D[27]" has no driver
    Warning (13040): bidirectional pin "GPIO_0_D[28]" has no driver
    Warning (13040): bidirectional pin "GPIO_0_D[30]" has no driver
    Warning (13040): bidirectional pin "GPIO_0_D[32]" has no driver
    Warning (13040): bidirectional pin "GPIO_1_D[0]" has no driver
    Warning (13040): bidirectional pin "GPIO_1_D[1]" has no driver
    Warning (13040): bidirectional pin "GPIO_1_D[2]" has no driver
    Warning (13040): bidirectional pin "GPIO_1_D[3]" has no driver
    Warning (13040): bidirectional pin "GPIO_1_D[4]" has no driver
    Warning (13040): bidirectional pin "GPIO_1_D[5]" has no driver
    Warning (13040): bidirectional pin "GPIO_1_D[6]" has no driver
    Warning (13040): bidirectional pin "GPIO_1_D[7]" has no driver
    Warning (13040): bidirectional pin "GPIO_1_D[8]" has no driver
    Warning (13040): bidirectional pin "GPIO_1_D[9]" has no driver
    Warning (13040): bidirectional pin "GPIO_1_D[10]" has no driver
    Warning (13040): bidirectional pin "GPIO_1_D[11]" has no driver
    Warning (13040): bidirectional pin "GPIO_1_D[12]" has no driver
    Warning (13040): bidirectional pin "GPIO_1_D[13]" has no driver
    Warning (13040): bidirectional pin "GPIO_1_D[14]" has no driver
    Warning (13040): bidirectional pin "GPIO_1_D[15]" has no driver
    Warning (13040): bidirectional pin "GPIO_1_D[16]" has no driver
    Warning (13040): bidirectional pin "GPIO_1_D[17]" has no driver
    Warning (13040): bidirectional pin "GPIO_1_D[18]" has no driver
    Warning (13040): bidirectional pin "GPIO_1_D[19]" has no driver
    Warning (13040): bidirectional pin "GPIO_1_D[20]" has no driver
    Warning (13040): bidirectional pin "GPIO_1_D[21]" has no driver
    Warning (13040): bidirectional pin "GPIO_1_D[22]" has no driver
    Warning (13040): bidirectional pin "GPIO_1_D[23]" has no driver
    Warning (13040): bidirectional pin "GPIO_1_D[24]" has no driver
    Warning (13040): bidirectional pin "GPIO_1_D[25]" has no driver
    Warning (13040): bidirectional pin "GPIO_1_D[26]" has no driver
    Warning (13040): bidirectional pin "GPIO_1_D[27]" has no driver
    Warning (13040): bidirectional pin "GPIO_1_D[28]" has no driver
    Warning (13040): bidirectional pin "GPIO_1_D[29]" has no driver
    Warning (13040): bidirectional pin "GPIO_1_D[30]" has no driver
    Warning (13040): bidirectional pin "GPIO_1_D[31]" has no driver
    Warning (13040): bidirectional pin "GPIO_1_D[32]" has no driver
    Warning (13040): bidirectional pin "GPIO_1_D[33]" has no driver
Warning (13009): TRI or OPNDRN buffers permanently enabled
    Warning (13010): Node "GPIO_0_D[5]~synth"
    Warning (13010): Node "GPIO_0_D[7]~synth"
    Warning (13010): Node "GPIO_0_D[9]~synth"
    Warning (13010): Node "GPIO_0_D[11]~synth"
    Warning (13010): Node "GPIO_0_D[13]~synth"
    Warning (13010): Node "GPIO_0_D[15]~synth"
    Warning (13010): Node "GPIO_0_D[17]~synth"
    Warning (13010): Node "GPIO_0_D[19]~synth"
    Warning (13010): Node "GPIO_0_D[21]~synth"
    Warning (13010): Node "GPIO_0_D[23]~synth"
Warning (13024): Output pins are stuck at VCC or GND
    Warning (13410): Pin "LED[5]" is stuck at GND
    Warning (13410): Pin "LED[6]" is stuck at GND
    Warning (13410): Pin "LED[7]" is stuck at GND
Info (286030): Timing-Driven Synthesis is running
Info (16010): Generating hard_block partition "hard_block:auto_generated_inst"
    Info (16011): Adding 0 node(s), including 0 DDIO, 0 PLL, 0 transceiver and 0 LCELL
Warning (21074): Design contains 9 input pin(s) that do not drive logic
    Warning (15610): No output dependent on input pin "KEY[1]"
    Warning (15610): No output dependent on input pin "SW[0]"
    Warning (15610): No output dependent on input pin "SW[1]"
    Warning (15610): No output dependent on input pin "SW[2]"
    Warning (15610): No output dependent on input pin "SW[3]"
    Warning (15610): No output dependent on input pin "GPIO_0_IN[0]"
    Warning (15610): No output dependent on input pin "GPIO_0_IN[1]"
    Warning (15610): No output dependent on input pin "GPIO_1_IN[0]"
    Warning (15610): No output dependent on input pin "GPIO_1_IN[1]"
Info (21057): Implemented 754 device resources after synthesis - the final resource count might be different
    Info (21058): Implemented 11 input pins
    Info (21059): Implemented 8 output pins
    Info (21060): Implemented 68 bidirectional pins
    Info (21061): Implemented 667 logic cells
Info: Quartus II 64-Bit Analysis & Synthesis was successful. 0 errors, 103 warnings
    Info: Peak virtual memory: 699 megabytes
    Info: Processing ended: Thu Nov 09 20:33:31 2017
    Info: Elapsed time: 00:00:12
    Info: Total CPU time (on all processors): 00:00:26


