Assembler report for DE0_NANO
Tue Nov 28 17:49:21 2017
Quartus II 64-Bit Version 15.0.0 Build 145 04/22/2015 Patches 0.01we SJ Web Edition


---------------------
; Table of Contents ;
---------------------
  1. Legal Notice
  2. Assembler Summary
  3. Assembler Settings
  4. Assembler Generated Files
  5. Assembler Device Options: D:/Documents/Classes/Semester_5/ECE_3400/Firework-Code/FPGACode/Lab3_template/DE0_NANO.sof
  6. Assembler Messages



----------------
; Legal Notice ;
----------------
Copyright (C) 1991-2015 Altera Corporation. All rights reserved.
Your use of Altera Corporation's design tools, logic functions 
and other software and tools, and its AMPP partner logic 
functions, and any output files from any of the foregoing 
(including device programming or simulation files), and any 
associated documentation or information are expressly subject 
to the terms and conditions of the Altera Program License 
Subscription Agreement, the Altera Quartus II License Agreement,
the Altera MegaCore Function License Agreement, or other 
applicable license agreement, including, without limitation, 
that your use is for the sole purpose of programming logic 
devices manufactured by Altera and sold by Altera or its 
authorized distributors.  Please refer to the applicable 
agreement for further details.



+---------------------------------------------------------------+
; Assembler Summary                                             ;
+-----------------------+---------------------------------------+
; Assembler Status      ; Successful - Tue Nov 28 17:49:21 2017 ;
; Revision Name         ; DE0_NANO                              ;
; Top-level Entity Name ; DE0_NANO                              ;
; Family                ; Cyclone IV E                          ;
; Device                ; EP4CE22F17C6                          ;
+-----------------------+---------------------------------------+


+----------------------------------+
; Assembler Settings               ;
+--------+---------+---------------+
; Option ; Setting ; Default Value ;
+--------+---------+---------------+


+--------------------------------------------------------------------------------------------+
; Assembler Generated Files                                                                  ;
+--------------------------------------------------------------------------------------------+
; File Name                                                                                  ;
+--------------------------------------------------------------------------------------------+
; D:/Documents/Classes/Semester_5/ECE_3400/Firework-Code/FPGACode/Lab3_template/DE0_NANO.sof ;
+--------------------------------------------------------------------------------------------+


+----------------------------------------------------------------------------------------------------------------------+
; Assembler Device Options: D:/Documents/Classes/Semester_5/ECE_3400/Firework-Code/FPGACode/Lab3_template/DE0_NANO.sof ;
+----------------+-----------------------------------------------------------------------------------------------------+
; Option         ; Setting                                                                                             ;
+----------------+-----------------------------------------------------------------------------------------------------+
; Device         ; EP4CE22F17C6                                                                                        ;
; JTAG usercode  ; 0x001A5436                                                                                          ;
; Checksum       ; 0x001A5436                                                                                          ;
+----------------+-----------------------------------------------------------------------------------------------------+


+--------------------+
; Assembler Messages ;
+--------------------+
Info: *******************************************************************
Info: Running Quartus II 64-Bit Assembler
    Info: Version 15.0.0 Build 145 04/22/2015 Patches 0.01we SJ Web Edition
    Info: Processing started: Tue Nov 28 17:49:20 2017
Info: Command: quartus_asm --read_settings_files=off --write_settings_files=off DE0_NANO -c DE0_NANO
Warning (125092): Tcl Script File DE_NANO_SOPC.qip not found
    Info (125063): set_global_assignment -name QIP_FILE DE_NANO_SOPC.qip
Info (115031): Writing out detailed assembly data for power analysis
Info (115030): Assembler is generating device programming files
Info: Quartus II 64-Bit Assembler was successful. 0 errors, 1 warning
    Info: Peak virtual memory: 629 megabytes
    Info: Processing ended: Tue Nov 28 17:49:21 2017
    Info: Elapsed time: 00:00:01
    Info: Total CPU time (on all processors): 00:00:01


